<?xml version="1.0" encoding="UTF-8"?>
<!-- Generated by org.testng.reporters.JUnitXMLReporter -->
<testsuite hostname="new-host.home" tests="4" failures="0" timestamp="1 Dec 2012 21:44:25 GMT" time="0.0070" errors="0">
  <testcase name="testDayOfWeek" time="0.0020" classname="TestDayOfWeek"/>
  <testcase name="testInvalidDay" time="0.0" classname="TestDayOfWeek"/>
  <testcase name="testInvalidMonth" time="0.0" classname="TestDayOfWeek"/>
  <testcase name="testInvalidYear" time="0.0" classname="TestDayOfWeek"/>
</testsuite>
