<?xml version="1.0" encoding="UTF-8"?>
<!-- Generated by org.testng.reporters.JUnitXMLReporter -->
<testsuite hostname="new-host-2.home" tests="5" failures="0" timestamp="8 Apr 2013 07:30:15 GMT" time="0.083" errors="0">
  <testcase name="testDivides" time="0.032" classname="TestSection1_2"/>
  <testcase name="testDividesNegative" time="0.0010" classname="TestSection1_2"/>
  <testcase name="testDividesZero" time="0.0040" classname="TestSection1_2"/>
  <testcase name="testRandomInt" time="0.018" classname="TestSection1_2"/>
  <testcase name="testTriangle" time="0.0010" classname="TestSection1_2"/>
</testsuite>
